2018-07-17T15:06:09.588Z - normal: Load ~/.CocosCreator/settings.json
2018-07-17T15:06:09.596Z - normal: checking language setting...
2018-07-17T15:06:09.596Z - normal: Language: zh
2018-07-17T15:06:11.698Z - success: protocol editor-framework registered
2018-07-17T15:06:11.699Z - success: protocol app registered
2018-07-17T15:06:11.699Z - success: protocol theme registered
2018-07-17T15:06:11.699Z - success: protocol packages registered
2018-07-17T15:06:11.699Z - success: protocol unpack registerred
2018-07-17T15:06:11.699Z - success: protocol disable-commonjs registerred
2018-07-17T15:06:11.801Z - normal: connected!
2018-07-17T15:06:11.805Z - normal: Check project E:\cocosGame\GitGame\GitMyAndHppGame
2018-07-17T15:06:11.814Z - normal: Initializing Cocos2d
2018-07-17T15:06:12.071Z - normal: Initializing Asset Database
2018-07-17T15:06:12.124Z - success: protocol uuid registerred
2018-07-17T15:06:12.124Z - success: protocol db registerred
2018-07-17T15:06:12.124Z - success: protocol thumbnail registerred
2018-07-17T15:06:12.125Z - normal: Loading editor/builtin packages
2018-07-17T15:06:12.149Z - success: anysdk loaded
2018-07-17T15:06:12.293Z - success: assets loaded
2018-07-17T15:06:12.295Z - success: builder loaded
2018-07-17T15:06:12.298Z - success: cocos-analytics loaded
2018-07-17T15:06:12.302Z - success: console loaded
2018-07-17T15:06:12.305Z - success: hierarchy loaded
2018-07-17T15:06:12.308Z - success: inspector loaded
2018-07-17T15:06:12.310Z - success: keystore loaded
2018-07-17T15:06:12.313Z - success: node-library loaded
2018-07-17T15:06:12.316Z - success: package-asset loaded
2018-07-17T15:06:12.318Z - success: preferences loaded
2018-07-17T15:06:12.320Z - success: project-exporter loaded
2018-07-17T15:06:12.339Z - success: project-importer loaded
2018-07-17T15:06:12.342Z - success: project-settings loaded
2018-07-17T15:06:12.344Z - success: ui-kit loaded
2018-07-17T15:06:12.346Z - success: ui-grid loaded
2018-07-17T15:06:12.350Z - success: scene loaded
2018-07-17T15:06:12.352Z - success: sprite-editor loaded
2018-07-17T15:06:12.355Z - success: store loaded
2018-07-17T15:06:12.361Z - success: timeline loaded
2018-07-17T15:06:12.361Z - normal: Loading builtin packages
2018-07-17T15:06:12.364Z - success: asset-db-debugger loaded
2018-07-17T15:06:12.365Z - success: code-editor loaded
2018-07-17T15:06:12.366Z - success: color-picker loaded
2018-07-17T15:06:12.368Z - success: package-manager loaded
2018-07-17T15:06:12.373Z - success: sdkbox loaded
2018-07-17T15:06:12.377Z - success: tester loaded
2018-07-17T15:06:12.379Z - success: ui-kit-preview-extra loaded
2018-07-17T15:06:12.381Z - success: ui-kit-preview loaded
2018-07-17T15:06:12.382Z - success: ui-tree loaded
2018-07-17T15:06:13.753Z - normal: Initializing project E:\cocosGame\GitGame\GitMyAndHppGame
2018-07-17T15:06:13.756Z - normal: Loading packages
2018-07-17T15:06:13.761Z - normal: Watching packages
2018-07-17T15:06:13.777Z - normal: Run Application
2018-07-17T15:06:14.325Z - success: preview server running at http://localhost:7456
2018-07-17T15:06:20.717Z - normal: 1.8.1
